<?xml version="1.0"?>
<listTable>

    <groupList groupName="_startup_">
        <file path="data/objects/strategy/state/startup.strategy"/>
    </groupList>
    
    <groupList groupName="_title_">
        <file path="data/objects/strategy/state/titlescreen.strategy"/>
    </groupList>
    
    <groupList groupName="_cube_">
        <file path="data/objects/strategy/state/cube.strategy"/>
    </groupList>

    <groupList groupName="_load_">
        <file path="data/objects/strategy/state/loadscreen.strategy"/>
    </groupList>

    <groupList groupName="_stage_">
        <file path="data/objects/strategy/level_1/level.stage"/>
    </groupList>
    
    <groupList groupName="_level_1_">
        <file path="data/objects/strategy/level_1/actor.strategy"/>
    </groupList>
  
</listTable>
