<?xml version="1.0"?>
<objectDataList2D>

    <!-- DEFAULT DEFAULT DEFAULT DEFAULT DEFAULT DEFAULT DEFAULT DEFAULT -->
    <default  name="">
        <visual>
            <texture count="0" file="" compressed="false"/>
            <mesh genType="quad" file="" >
                <spriteSheet defIndex="0" glyphCount="0" columns="0" formatCodeOffset="0" loadAllGlyphs="false" file=""/>
                <scaledFrame thicknessWidth="" thicknessHeight="" centerQuad="" frameBottom=""/>
            </mesh>
            <color r="1" g="1" b="1" a="1"/>
            <pipeline id="2d_quad"/>
        </visual>
        <physics world="(game)">
            <body type="" linearDamping="0" angularDamping="0" fixedRotation="false"/>
            <fixtureLst>
                <fixture shape="" radius="0" chainLoop="false" friction="0.2" density="0.2" restitution="0.2">
                    <!-- <collisionFilter categoryBits="" maskBits="" groupIndex=""/> -->
                    <!-- <vertLst>
                    vert list for polygon shapes - max of 8
                    Box2D polygons are defined using Counter Clockwise Winding (CCW)
                    <vert x="" y=""/>
                    </vertLst> -->
                    <sizeMod top="0" bottom="0" left="0" right="0"/>
                </fixture>
            </fixtureLst>
        </physics>
        <size width="0" height="0"/>
    </default>
    <!-- DEFAULT DEFAULT DEFAULT DEFAULT DEFAULT DEFAULT DEFAULT DEFAULT -->
  
    <objectList>
        
        <object name="circle_green">
            <visual>
                <texture file="data/textures/run/circle_green.png"/>
            </visual>
            <physics>
                <body type="dynamic"/>
                <fixtureLst>
                    <fixture shape="circle" radius="48" density="0.3" restitution="0.6"/>
                </fixtureLst>
            </physics>
        </object>
    
        <object name="circle_blue">
            <visual>
                <texture file="data/textures/run/circle_blue.png"/>
            </visual>
            <physics>
                <body type="dynamic"/>
                <fixtureLst>
                    <fixture shape="circle" radius="48" density="0.2" restitution="0.4"/>
                </fixtureLst>
            </physics>
        </object>
        
        <object name="circle_red">
            <visual>
                <texture file="data/textures/run/circle_red.png"/>
            </visual>
            <physics>
                <body type="dynamic"/>
                <fixtureLst>
                    <fixture shape="circle" radius="48" density="0.1" restitution="0.3"/>
                </fixtureLst>
            </physics>
        </object>
    
        <object name="square_red">
            <visual>
                <texture file="data/textures/run/square_red.png"/>
            </visual>
            <physics>
                <body type="dynamic"/>
                <fixtureLst>
                    <fixture shape="polygon" density="0.1" restitution="0.2">
                        <sizeMod top="-4" bottom="-3" left="-4" right="-3"/>
                    </fixture>
                </fixtureLst>
            </physics>
        </object>
        
        <object name="triangle_green">
            <visual>
                <texture file="data/textures/run/triangle_green.png"/>
            </visual>
            <physics>
                <body type="dynamic"/>
                <fixtureLst>
                    <fixture shape="polygon" density="0.3" restitution="0.6">
                        <vertLst>
                            <vert x="50" y="5"/>
                            <vert x="5" y="94"/>
                            <vert x="94" y="94"/>
                        </vertLst>
                    </fixture>
                </fixtureLst>
            </physics>
        </object>
    
        <object name="triangle_blue">
            <visual>
                <texture file="data/textures/run/triangle_blue.png"/>
            </visual>
            <physics>
                <body type="dynamic"/>
                <fixtureLst>
                    <fixture shape="polygon" density="0.2" restitution="0.4">
                        <vertLst>
                            <vert x="50" y="5"/>
                            <vert x="5" y="94"/>
                            <vert x="94" y="94"/>
                        </vertLst>
                    </fixture>
                </fixtureLst>
            </physics>
        </object>

        <object name="peg">
            <visual>
                <texture count="2" file="data/textures/run/peg%d.png"/>
            </visual>
            <physics>
                <body type="static"/>
                <fixtureLst>
                    <fixture shape="circle" radius="17"/>
                </fixtureLst>
            </physics>
        </object>

        <object name="bar">
            <visual>
                <texture file="data/textures/run/bar.png"/>
            </visual>
            <physics>
                <body type="static"/>
                <fixtureLst>
                    <fixture shape="polygon">
                        <sizeMod top="-4" bottom="-4" left="-4" right="-4"/>
                    </fixture>
                </fixtureLst>
            </physics>
        </object>

        <object name="meter_frame">
            <visual>
                <texture file="data/textures/menu/16x16_3_pixel_frame.png"/>
                <mesh genType="scaled_frame">
                    <scaledFrame thicknessWidth="5" thicknessHeight="5" centerQuad="false"/>
                </mesh>
                <color r="48" g="97" b="153" a="1"/>
            </visual>
            <physics world=""/>
            <size width="175" height="55"/>
        </object>

        <object name="meter_font">
            <visual>
                <mesh genType="font"/>
                <color r="64" g="125" b="192" a="1"/>
            </visual>
            <physics world=""/>
        </object>

        <object name="level_font">
            <visual>
                <mesh genType="font"/>
                <color r="64" g="125" b="192" a="1"/>
            </visual>
            <physics world=""/>
        </object>

    </objectList>

</objectDataList2D>

