<?xml version="1.0"?>
<objectDataList2D>
    
    <!-- DEFAULT DEFAULT DEFAULT DEFAULT DEFAULT DEFAULT DEFAULT DEFAULT -->
    <default  name="">
        <visual>
            <texture count="0" file="" compressed="false"/>
            <mesh genType="scaled_frame">
                <scaledFrame thicknessWidth="5" thicknessHeight="5" centerQuad="false"/>
            </mesh>
            <color r="64" g="125" b="192" a="1"/>
            <pipeline id="2d_quad"/>
        </visual>
        <size width="0" height="0"/>
    </default>
    <!-- DEFAULT DEFAULT DEFAULT DEFAULT DEFAULT DEFAULT DEFAULT DEFAULT -->
  
    <objectList>

        <object name="275x55_button_frame">
            <visual>
                <texture file="data/textures/menu/16x16_3_pixel_frame.png"/>
            </visual>
            <size width="275" height="55"/>
        </object>

        <object name="235x85_button_frame">
            <visual>
                <texture file="data/textures/menu/16x16_5_pixel_frame.png"/>
                <mesh genType="scaled_frame">
                    <scaledFrame thicknessWidth="7" thicknessHeight="7" centerQuad="false"/>
                </mesh>
            </visual>
            <size width="235" height="85"/>
        </object>

        <object name="145x55_button_frame">
            <visual>
                <texture file="data/textures/menu/16x16_3_pixel_frame.png"/>
            </visual>
            <size width="145" height="55"/>
        </object>
        
        <object name="125x55_button_frame">
            <visual>
                <texture file="data/textures/menu/16x16_3_pixel_frame.png"/>
            </visual>
            <size width="125" height="55"/>
        </object>
        
        <object name="245x55_button_frame">
            <visual>
                <texture file="data/textures/menu/16x16_3_pixel_frame.png"/>
            </visual>
            <size width="245" height="55"/>
        </object>
        
        <object name="28x28_button_frame">
            <visual>
                <texture file="data/textures/menu/16x16_3_pixel_frame.png"/>
            </visual>
            <size width="28" height="28"/>
        </object>

    </objectList>

</objectDataList2D>

