<?xml version="1.0"?>
<objectDataList2D>

    <!-- DEFAULT DEFAULT DEFAULT DEFAULT DEFAULT DEFAULT DEFAULT DEFAULT -->
    <default  name="">
        <visual>
            <texture count="0" file="" compressed="false"/>
            <mesh genType="quad" file="">
                <spriteSheet defIndex="0" glyphCount="0" columns="0" formatCodeOffset="0" loadAllGlyphs="false" file=""/>
                <scaledFrame thicknessWidth="" thicknessHeight="" centerQuad="" frameBottom=""/>
            </mesh>
            <color r="1" g="1" b="1" a="1"/>
            <pipeline id="2d_quad"/>
        </visual>
        <physics world="">
            <body type="" linearDamping="0" angularDamping="0" fixedRotation="false"/>
            <fixtureLst>
                <fixture shape="" radius="0" chainLoop="false" friction="0.2" density="0.2" restitution="0.2">
                    <!-- vert list for polygon shapes - max of 8
                    Box2D polygons are defined using Counter Clockwise Winding (CCW)
                    <vert x="" y=""/> -->
                    <sizeMod top="0" bottom="0" left="0" right="0"/>
                </fixture>
            </fixtureLst>
        </physics>
        <size width="0" height="0"/>
    </default>
    <!-- DEFAULT DEFAULT DEFAULT DEFAULT DEFAULT DEFAULT DEFAULT DEFAULT -->

    <objectList>

        <object name="logo">
            <visual>
                <pipeline id="2d_quad"/>
                <texture file="data/textures/startup/logo.png"/>
            </visual>
        </object>

        <object name="solid_white_bk">
            <visual>
                <pipeline id="2d_solid"/>
                <color r="1" g="1" b="1" a="1"/>
            </visual>
            <size width="1920" height="1080"/>
        </object>

    </objectList>

</objectDataList2D>

