<listTable>

    <groupList groupName="_startup_">
        <file path="data/objects/strategy/state/startup.strategy"/>
    </groupList>

    <groupList groupName="_title_stage_">
        <file path="data/objects/strategy/state/titlescreen.stage"/>
    </groupList>

    <groupList groupName="_title_actor_">
        <file path="data/objects/strategy/state/titlescreen.actor.strategy"/>
    </groupList>

    <groupList groupName="_load_">
        <file path="data/objects/strategy/state/loadscreen.strategy"/>
    </groupList>

    <groupList groupName="_level_1_stage_">
        <file path="data/objects/strategy/level_1/level.stage"/>
    </groupList>
    
    <groupList groupName="_level_1_ball_">
        <file path="data/objects/strategy/level_1/ball.strategy"/>
    </groupList>

    <groupList groupName="_level_1_ui_">
        <file path="data/objects/strategy/level_1/ui.strategy"/>
    </groupList>
  
</listTable>
